<?xml version="1.0" encoding="UTF-8"?>
<robot generator="Robot 4.0.3 (Python 3.9.2 on win32)" generated="20210604 14:23:11.550" rpa="false" schemaversion="2">
<suite id="s1" name="Mobile" source="C:\Users\Khairul Amir\Desktop\Automation\ezyhaul\tests\mobile">
<suite id="s1-s1" name="MobileTest" source="C:\Users\Khairul Amir\Desktop\Automation\ezyhaul\tests\mobile\MobileTest.robot">
<test id="s1-s1-t1" name="User should not able to login into facebook app">
<kw name="Launch emulator" library="Main" type="SETUP">
<kw name="Open Application" library="AppiumLibrary">
<arg>http://127.0.0.1:4723/wd/hub</arg>
<arg>automationName=${ANDROID_AUTOMATION_NAME}</arg>
<arg>platformName=${ANDROID_PLATFORM_NAME}</arg>
<arg>deviceName=${ANDROID_DEVICE_NAME}</arg>
<arg>appPackage=${ANDROID_APP_PACKAGE}</arg>
<arg>appActivity=${ANDROID_APP_ACTIVITY}</arg>
<arg>deviceReadyTimeout=${ANDROID_DEVICE_READY_TIMEOUT}</arg>
<arg>avdLaunchTimeout=${ANDROID_LAUNCH_TIMEOUT}</arg>
<arg>newCommandTimeout=${ANDROID_COMMAND_TIMEOUT}</arg>
<arg>adbExecTimeout=${ANDROID_ADB_EXEC_TIMEOUT}</arg>
<doc>Opens a new application to given Appium server.
Capabilities of appium server, Android and iOS,
Please check https://github.com/appium/appium/blob/master/docs/en/writing-running-appium/server-args.md
| *Option*            | *Man.* | *Description*     |
| remote_url          | Yes    | Appium server url |
| alias               | no     | alias             |</doc>
<status status="PASS" starttime="20210604 14:23:11.858" endtime="20210604 14:23:34.569"/>
</kw>
<status status="PASS" starttime="20210604 14:23:11.857" endtime="20210604 14:23:34.569"/>
</kw>
<kw name="user input username" library="LoginKeyword">
<arg>username_here</arg>
<kw name="Wait Until Keyword Succeeds" library="BuiltIn">
<arg>20s</arg>
<arg>2s</arg>
<arg>click element</arg>
<arg>${btn_allow_permission}</arg>
<doc>Runs the specified keyword and retries if it fails.</doc>
<kw name="Click Element" library="AppiumLibrary">
<arg>${btn_allow_permission}</arg>
<doc>Click element identified by `locator`.</doc>
<msg timestamp="20210604 14:23:34.575" level="INFO">Clicking element 'xpath=//android.widget.Button[@resource-id='com.android.permissioncontroller:id/permission_allow_button']'.</msg>
<kw name="Capture Page Screenshot" library="AppiumLibrary">
<doc>Takes a screenshot of the current page and embeds it into the log.</doc>
<msg timestamp="20210604 14:23:37.626" level="INFO" html="true">&lt;/td&gt;&lt;/tr&gt;&lt;tr&gt;&lt;td colspan="3"&gt;&lt;a href="appium-screenshot-1.png"&gt;&lt;img src="appium-screenshot-1.png" width="800px"&gt;&lt;/a&gt;</msg>
<status status="PASS" starttime="20210604 14:23:35.029" endtime="20210604 14:23:37.626"/>
</kw>
<msg timestamp="20210604 14:23:37.629" level="FAIL">ValueError: Element locator 'xpath=//android.widget.Button[@resource-id='com.android.permissioncontroller:id/permission_allow_button']' did not match any elements.</msg>
<status status="FAIL" starttime="20210604 14:23:34.571" endtime="20210604 14:23:37.629"/>
</kw>
<kw name="Click Element" library="AppiumLibrary">
<arg>${btn_allow_permission}</arg>
<doc>Click element identified by `locator`.</doc>
<msg timestamp="20210604 14:23:39.637" level="INFO">Clicking element 'xpath=//android.widget.Button[@resource-id='com.android.permissioncontroller:id/permission_allow_button']'.</msg>
<status status="PASS" starttime="20210604 14:23:39.631" endtime="20210604 14:23:39.946"/>
</kw>
<status status="PASS" starttime="20210604 14:23:34.571" endtime="20210604 14:23:39.946"/>
</kw>
<kw name="Wait Until Keyword Succeeds" library="BuiltIn">
<arg>20s</arg>
<arg>2s</arg>
<arg>input text</arg>
<arg>${txt_username}</arg>
<arg>${username}</arg>
<doc>Runs the specified keyword and retries if it fails.</doc>
<kw name="Input Text" library="AppiumLibrary">
<arg>${txt_username}</arg>
<arg>${username}</arg>
<doc>Types the given `text` into text field identified by `locator`.</doc>
<msg timestamp="20210604 14:23:39.951" level="INFO">Typing text 'username_here' into text field 'xpath=//*[@index='4']'</msg>
<kw name="Capture Page Screenshot" library="AppiumLibrary">
<doc>Takes a screenshot of the current page and embeds it into the log.</doc>
<msg timestamp="20210604 14:23:41.817" level="INFO" html="true">&lt;/td&gt;&lt;/tr&gt;&lt;tr&gt;&lt;td colspan="3"&gt;&lt;a href="appium-screenshot-2.png"&gt;&lt;img src="appium-screenshot-2.png" width="800px"&gt;&lt;/a&gt;</msg>
<status status="PASS" starttime="20210604 14:23:40.336" endtime="20210604 14:23:41.817"/>
</kw>
<msg timestamp="20210604 14:23:41.819" level="FAIL">ValueError: Element locator 'xpath=//*[@index='4']' did not match any elements.</msg>
<status status="FAIL" starttime="20210604 14:23:39.947" endtime="20210604 14:23:41.819"/>
</kw>
<kw name="Input Text" library="AppiumLibrary">
<arg>${txt_username}</arg>
<arg>${username}</arg>
<doc>Types the given `text` into text field identified by `locator`.</doc>
<msg timestamp="20210604 14:23:43.838" level="INFO">Typing text 'username_here' into text field 'xpath=//*[@index='4']'</msg>
<status status="PASS" starttime="20210604 14:23:43.830" endtime="20210604 14:23:44.178"/>
</kw>
<status status="PASS" starttime="20210604 14:23:39.947" endtime="20210604 14:23:44.178"/>
</kw>
<status status="PASS" starttime="20210604 14:23:34.570" endtime="20210604 14:23:44.178"/>
</kw>
<kw name="user click login button" library="LoginKeyword">
<kw name="Wait Until Keyword Succeeds" library="BuiltIn">
<arg>20s</arg>
<arg>2s</arg>
<arg>click element</arg>
<arg>${btn_login}</arg>
<doc>Runs the specified keyword and retries if it fails.</doc>
<kw name="Click Element" library="AppiumLibrary">
<arg>${btn_login}</arg>
<doc>Click element identified by `locator`.</doc>
<msg timestamp="20210604 14:23:44.182" level="INFO">Clicking element 'xpath=//*[@index='7']'.</msg>
<status status="PASS" starttime="20210604 14:23:44.180" endtime="20210604 14:23:44.958"/>
</kw>
<status status="PASS" starttime="20210604 14:23:44.179" endtime="20210604 14:23:44.959"/>
</kw>
<status status="PASS" starttime="20210604 14:23:44.179" endtime="20210604 14:23:44.959"/>
</kw>
<status status="PASS" starttime="20210604 14:23:11.856" endtime="20210604 14:23:44.959"/>
</test>
<status status="PASS" starttime="20210604 14:23:11.600" endtime="20210604 14:23:44.963"/>
</suite>
<status status="PASS" starttime="20210604 14:23:11.553" endtime="20210604 14:23:44.966"/>
</suite>
<statistics>
<total>
<stat pass="1" fail="0" skip="0">All Tests</stat>
</total>
<tag>
</tag>
<suite>
<stat pass="1" fail="0" skip="0" id="s1" name="Mobile">Mobile</stat>
<stat pass="1" fail="0" skip="0" id="s1-s1" name="MobileTest">Mobile.MobileTest</stat>
</suite>
</statistics>
<errors>
</errors>
</robot>
